<?xml version="1.0" encoding="UTF-8"?>
<!-- Generated by org.testng.reporters.JUnitReportReporter -->
<testsuite hostname="L-INE-FDPSYZ2" failures="0" tests="1" name="com.jenkins.NewTest" time="0.014" errors="0" timestamp="2023-09-05T17:27:34 IST" skipped="0">
  <testcase classname="com.jenkins.NewTest" name="f" time="0.014"/>
</testsuite> <!-- com.jenkins.NewTest -->
