<?xml version="1.0" encoding="UTF-8"?>
<!-- Generated by org.testng.reporters.JUnitReportReporter -->
<testsuite hostname="L-INE-FDPSYZ2" failures="0" tests="1" name="com.jenkins.newTestListener" time="10.482" errors="0" timestamp="2023-09-06T14:48:42 IST" skipped="0">
  <testcase classname="com.jenkins.newTestListener" name="f" time="10.482"/>
</testsuite> <!-- com.jenkins.newTestListener -->
